This file contains any messages produced by compilers while
running configure, to aid debugging if configure makes a mistake.

It was created by rnnoise-nu configure 1.0, which was
generated by GNU Autoconf 2.69.  Invocation command line was

  $ ./configure 

## --------- ##
## Platform. ##
## --------- ##

hostname = jihoonucbookpro.lan
uname -m = x86_64
uname -r = 19.2.0
uname -s = Darwin
uname -v = Darwin Kernel Version 19.2.0: Sat Nov  9 03:47:04 PST 2019; root:xnu-6153.61.1~20/RELEASE_X86_64

/usr/bin/uname -p = i386
/bin/uname -X     = unknown

/bin/arch              = unknown
/usr/bin/arch -k       = unknown
/usr/convex/getsysinfo = unknown
/usr/bin/hostinfo      = Mach kernel version:
	 Darwin Kernel Version 19.2.0: Sat Nov  9 03:47:04 PST 2019; root:xnu-6153.61.1~20/RELEASE_X86_64
Kernel configured for up to 8 processors.
4 processors are physically available.
8 processors are logically available.
Processor type: x86_64h (Intel x86-64h Haswell)
Processors active: 0 1 2 3 4 5 6 7
Primary memory available: 16.00 gigabytes
Default processor set: 582 tasks, 2827 threads, 8 processors
Load average: 1.63, Mach factor: 6.35
/bin/machine           = unknown
/usr/bin/oslevel       = unknown
/bin/universe          = unknown

PATH: /opt/local/bin
PATH: /opt/local/sbin
PATH: /usr/local/mysql/bin
PATH: /usr/local/bin
PATH: /usr/bin
PATH: /bin
PATH: /usr/sbin
PATH: /sbin


## ----------- ##
## Core tests. ##
## ----------- ##

configure:2322: checking for gcc
configure:2338: found /usr/bin/gcc
configure:2349: result: gcc
configure:2578: checking for C compiler version
configure:2587: gcc --version >&5
Apple clang version 11.0.0 (clang-1100.0.33.17)
Target: x86_64-apple-darwin19.2.0
Thread model: posix
InstalledDir: /Applications/Xcode.app/Contents/Developer/Toolchains/XcodeDefault.xctoolchain/usr/bin
Configured with: --prefix=/Applications/Xcode.app/Contents/Developer/usr --with-gxx-include-dir=/Applications/Xcode.app/Contents/Developer/Platforms/MacOSX.platform/Developer/SDKs/MacOSX.sdk/usr/include/c++/4.2.1
configure:2598: $? = 0
configure:2587: gcc -v >&5
Configured with: --prefix=/Applications/Xcode.app/Contents/Developer/usr --with-gxx-include-dir=/Applications/Xcode.app/Contents/Developer/Platforms/MacOSX.platform/Developer/SDKs/MacOSX.sdk/usr/include/c++/4.2.1
Apple clang version 11.0.0 (clang-1100.0.33.17)
Target: x86_64-apple-darwin19.2.0
Thread model: posix
InstalledDir: /Applications/Xcode.app/Contents/Developer/Toolchains/XcodeDefault.xctoolchain/usr/bin
configure:2598: $? = 0
configure:2587: gcc -V >&5
clang: error: unsupported option '-V -Wno-framework-include-private-from-public'
clang: error: no input files
configure:2598: $? = 1
configure:2587: gcc -qversion >&5
clang: error: unknown argument '-qversion', did you mean '--version'?
clang: error: no input files
configure:2598: $? = 1
configure:2618: checking whether the C compiler works
configure:2640: gcc    conftest.c  >&5
configure:2644: $? = 0
configure:2692: result: yes
configure:2695: checking for C compiler default output file name
configure:2697: result: a.out
configure:2703: checking for suffix of executables
configure:2710: gcc -o conftest    conftest.c  >&5
configure:2714: $? = 0
configure:2736: result: 
configure:2758: checking whether we are cross compiling
configure:2766: gcc -o conftest    conftest.c  >&5
configure:2770: $? = 0
configure:2777: ./conftest
configure:2781: $? = 0
configure:2796: result: no
configure:2801: checking for suffix of object files
configure:2823: gcc -c   conftest.c >&5
configure:2827: $? = 0
configure:2848: result: o
configure:2852: checking whether we are using the GNU C compiler
configure:2871: gcc -c   conftest.c >&5
configure:2871: $? = 0
configure:2880: result: yes
configure:2889: checking whether gcc accepts -g
configure:2909: gcc -c -g  conftest.c >&5
configure:2909: $? = 0
configure:2950: result: yes
configure:2967: checking for gcc option to accept ISO C89
configure:3030: gcc  -c -g -O2  conftest.c >&5
configure:3030: $? = 0
configure:3043: result: none needed
configure:3068: checking whether gcc understands -c and -o together
configure:3090: gcc -c conftest.c -o conftest2.o
configure:3093: $? = 0
configure:3090: gcc -c conftest.c -o conftest2.o
configure:3093: $? = 0
configure:3105: result: yes
configure:3128: checking how to run the C preprocessor
configure:3159: gcc -E  conftest.c
configure:3159: $? = 0
configure:3173: gcc -E  conftest.c
conftest.c:9:10: fatal error: 'ac_nonexistent.h' file not found
#include <ac_nonexistent.h>
         ^~~~~~~~~~~~~~~~~~
1 error generated.
configure:3173: $? = 1
configure: failed program was:
| /* confdefs.h */
| #define PACKAGE_NAME "rnnoise-nu"
| #define PACKAGE_TARNAME "rnnoise-nu"
| #define PACKAGE_VERSION "1.0"
| #define PACKAGE_STRING "rnnoise-nu 1.0"
| #define PACKAGE_BUGREPORT "gregor.richards@uwaterloo.ca"
| #define PACKAGE_URL ""
| /* end confdefs.h.  */
| #include <ac_nonexistent.h>
configure:3198: result: gcc -E
configure:3218: gcc -E  conftest.c
configure:3218: $? = 0
configure:3232: gcc -E  conftest.c
conftest.c:9:10: fatal error: 'ac_nonexistent.h' file not found
#include <ac_nonexistent.h>
         ^~~~~~~~~~~~~~~~~~
1 error generated.
configure:3232: $? = 1
configure: failed program was:
| /* confdefs.h */
| #define PACKAGE_NAME "rnnoise-nu"
| #define PACKAGE_TARNAME "rnnoise-nu"
| #define PACKAGE_VERSION "1.0"
| #define PACKAGE_STRING "rnnoise-nu 1.0"
| #define PACKAGE_BUGREPORT "gregor.richards@uwaterloo.ca"
| #define PACKAGE_URL ""
| /* end confdefs.h.  */
| #include <ac_nonexistent.h>
configure:3261: checking for grep that handles long lines and -e
configure:3319: result: /usr/bin/grep
configure:3324: checking for egrep
configure:3386: result: /usr/bin/grep -E
configure:3391: checking for ANSI C header files
configure:3411: gcc -c -g -O2  conftest.c >&5
configure:3411: $? = 0
configure:3484: gcc -o conftest -g -O2   conftest.c  >&5
configure:3484: $? = 0
configure:3484: ./conftest
configure:3484: $? = 0
configure:3495: result: yes
configure:3508: checking for sys/types.h
configure:3508: gcc -c -g -O2  conftest.c >&5
configure:3508: $? = 0
configure:3508: result: yes
configure:3508: checking for sys/stat.h
configure:3508: gcc -c -g -O2  conftest.c >&5
configure:3508: $? = 0
configure:3508: result: yes
configure:3508: checking for stdlib.h
configure:3508: gcc -c -g -O2  conftest.c >&5
configure:3508: $? = 0
configure:3508: result: yes
configure:3508: checking for string.h
configure:3508: gcc -c -g -O2  conftest.c >&5
configure:3508: $? = 0
configure:3508: result: yes
configure:3508: checking for memory.h
configure:3508: gcc -c -g -O2  conftest.c >&5
configure:3508: $? = 0
configure:3508: result: yes
configure:3508: checking for strings.h
configure:3508: gcc -c -g -O2  conftest.c >&5
configure:3508: $? = 0
configure:3508: result: yes
configure:3508: checking for inttypes.h
configure:3508: gcc -c -g -O2  conftest.c >&5
configure:3508: $? = 0
configure:3508: result: yes
configure:3508: checking for stdint.h
configure:3508: gcc -c -g -O2  conftest.c >&5
configure:3508: $? = 0
configure:3508: result: yes
configure:3508: checking for unistd.h
configure:3508: gcc -c -g -O2  conftest.c >&5
configure:3508: $? = 0
configure:3508: result: yes
configure:3521: checking minix/config.h usability
configure:3521: gcc -c -g -O2  conftest.c >&5
conftest.c:52:10: fatal error: 'minix/config.h' file not found
#include <minix/config.h>
         ^~~~~~~~~~~~~~~~
1 error generated.
configure:3521: $? = 1
configure: failed program was:
| /* confdefs.h */
| #define PACKAGE_NAME "rnnoise-nu"
| #define PACKAGE_TARNAME "rnnoise-nu"
| #define PACKAGE_VERSION "1.0"
| #define PACKAGE_STRING "rnnoise-nu 1.0"
| #define PACKAGE_BUGREPORT "gregor.richards@uwaterloo.ca"
| #define PACKAGE_URL ""
| #define STDC_HEADERS 1
| #define HAVE_SYS_TYPES_H 1
| #define HAVE_SYS_STAT_H 1
| #define HAVE_STDLIB_H 1
| #define HAVE_STRING_H 1
| #define HAVE_MEMORY_H 1
| #define HAVE_STRINGS_H 1
| #define HAVE_INTTYPES_H 1
| #define HAVE_STDINT_H 1
| #define HAVE_UNISTD_H 1
| /* end confdefs.h.  */
| #include <stdio.h>
| #ifdef HAVE_SYS_TYPES_H
| # include <sys/types.h>
| #endif
| #ifdef HAVE_SYS_STAT_H
| # include <sys/stat.h>
| #endif
| #ifdef STDC_HEADERS
| # include <stdlib.h>
| # include <stddef.h>
| #else
| # ifdef HAVE_STDLIB_H
| #  include <stdlib.h>
| # endif
| #endif
| #ifdef HAVE_STRING_H
| # if !defined STDC_HEADERS && defined HAVE_MEMORY_H
| #  include <memory.h>
| # endif
| # include <string.h>
| #endif
| #ifdef HAVE_STRINGS_H
| # include <strings.h>
| #endif
| #ifdef HAVE_INTTYPES_H
| # include <inttypes.h>
| #endif
| #ifdef HAVE_STDINT_H
| # include <stdint.h>
| #endif
| #ifdef HAVE_UNISTD_H
| # include <unistd.h>
| #endif
| #include <minix/config.h>
configure:3521: result: no
configure:3521: checking minix/config.h presence
configure:3521: gcc -E  conftest.c
conftest.c:19:10: fatal error: 'minix/config.h' file not found
#include <minix/config.h>
         ^~~~~~~~~~~~~~~~
1 error generated.
configure:3521: $? = 1
configure: failed program was:
| /* confdefs.h */
| #define PACKAGE_NAME "rnnoise-nu"
| #define PACKAGE_TARNAME "rnnoise-nu"
| #define PACKAGE_VERSION "1.0"
| #define PACKAGE_STRING "rnnoise-nu 1.0"
| #define PACKAGE_BUGREPORT "gregor.richards@uwaterloo.ca"
| #define PACKAGE_URL ""
| #define STDC_HEADERS 1
| #define HAVE_SYS_TYPES_H 1
| #define HAVE_SYS_STAT_H 1
| #define HAVE_STDLIB_H 1
| #define HAVE_STRING_H 1
| #define HAVE_MEMORY_H 1
| #define HAVE_STRINGS_H 1
| #define HAVE_INTTYPES_H 1
| #define HAVE_STDINT_H 1
| #define HAVE_UNISTD_H 1
| /* end confdefs.h.  */
| #include <minix/config.h>
configure:3521: result: no
configure:3521: checking for minix/config.h
configure:3521: result: no
configure:3542: checking whether it is safe to define __EXTENSIONS__
configure:3560: gcc -c -g -O2  conftest.c >&5
configure:3560: $? = 0
configure:3567: result: yes
configure:3588: checking for special C compiler options needed for large files
configure:3633: result: no
configure:3639: checking for _FILE_OFFSET_BITS value needed for large files
configure:3664: gcc -c -g -O2  conftest.c >&5
configure:3664: $? = 0
configure:3696: result: no
configure:3876: checking for a BSD-compatible install
configure:3944: result: /usr/bin/install -c
configure:4092: checking for a thread-safe mkdir -p
configure:4131: result: scripts/install-sh -c -d
configure:4138: checking for gawk
configure:4168: result: no
configure:4138: checking for mawk
configure:4168: result: no
configure:4138: checking for nawk
configure:4168: result: no
configure:4138: checking for awk
configure:4154: found /usr/bin/awk
configure:4165: result: awk
configure:4194: checking whether make supports the include directive
configure:4209: make -f confmf.GNU && cat confinc.out
this is the am__doit target
configure:4212: $? = 0
configure:4231: result: yes (GNU style)
configure:4264: checking whether make supports nested variables
configure:4281: result: yes
configure:4357: checking dependency style of gcc
configure:4468: result: gcc3
configure:4527: checking whether to enable maintainer-specific portions of Makefiles
configure:4536: result: yes
configure:4550: checking for inline
configure:4566: gcc -c -g -O2  conftest.c >&5
configure:4566: $? = 0
configure:4574: result: inline
configure:4622: checking build system type
configure:4636: result: x86_64-apple-darwin19.2.0
configure:4656: checking host system type
configure:4669: result: x86_64-apple-darwin19.2.0
configure:4710: checking how to print strings
configure:4737: result: printf
configure:4758: checking for a sed that does not truncate output
configure:4822: result: /usr/bin/sed
configure:4840: checking for fgrep
configure:4902: result: /usr/bin/grep -F
configure:4937: checking for ld used by gcc
configure:5004: result: /Applications/Xcode.app/Contents/Developer/Toolchains/XcodeDefault.xctoolchain/usr/bin/ld
configure:5011: checking if the linker (/Applications/Xcode.app/Contents/Developer/Toolchains/XcodeDefault.xctoolchain/usr/bin/ld) is GNU ld
configure:5026: result: no
configure:5038: checking for BSD- or MS-compatible name lister (nm)
configure:5092: result: /usr/bin/nm -B
configure:5222: checking the name lister (/usr/bin/nm -B) interface
configure:5229: gcc -c -g -O2  conftest.c >&5
configure:5232: /usr/bin/nm -B "conftest.o"
configure:5235: output
0000000000000214 S _some_variable
configure:5242: result: BSD nm
configure:5245: checking whether ln -s works
configure:5249: result: yes
configure:5257: checking the maximum length of command line arguments
configure:5388: result: 196608
configure:5436: checking how to convert x86_64-apple-darwin19.2.0 file names to x86_64-apple-darwin19.2.0 format
configure:5476: result: func_convert_file_noop
configure:5483: checking how to convert x86_64-apple-darwin19.2.0 file names to toolchain format
configure:5503: result: func_convert_file_noop
configure:5510: checking for /Applications/Xcode.app/Contents/Developer/Toolchains/XcodeDefault.xctoolchain/usr/bin/ld option to reload object files
configure:5517: result: -r
configure:5591: checking for objdump
configure:5607: found /usr/bin/objdump
configure:5618: result: objdump
configure:5650: checking how to recognize dependent libraries
configure:5850: result: pass_all
configure:5935: checking for dlltool
configure:5965: result: no
configure:5995: checking how to associate runtime and link libraries
configure:6022: result: printf %s\n
configure:6082: checking for ar
configure:6098: found /usr/bin/ar
configure:6109: result: ar
configure:6146: checking for archiver @FILE support
configure:6163: gcc -c -g -O2  conftest.c >&5
configure:6163: $? = 0
configure:6166: ar cru libconftest.a @conftest.lst >&5
ar: @conftest.lst: No such file or directory
configure:6169: $? = 1
configure:6189: result: no
configure:6247: checking for strip
configure:6263: found /usr/bin/strip
configure:6274: result: strip
configure:6346: checking for ranlib
configure:6362: found /usr/bin/ranlib
configure:6373: result: ranlib
configure:6475: checking command to parse /usr/bin/nm -B output from gcc object
configure:6628: gcc -c -g -O2  conftest.c >&5
configure:6631: $? = 0
configure:6635: /usr/bin/nm -B conftest.o \| sed -n -e 's/^.*[ ]\([BCDEGRST][BCDEGRST]*\)[ ][ ]*\([_A-Za-z][_A-Za-z0-9]*\)$/\1 \2 \2/p' | sed '/ __gnu_lto/d' \> conftest.nm
configure:6638: $? = 0
cannot find nm_test_var in conftest.nm
configure:6628: gcc -c -g -O2  conftest.c >&5
configure:6631: $? = 0
configure:6635: /usr/bin/nm -B conftest.o \| sed -n -e 's/^.*[ ]\([BCDEGRST][BCDEGRST]*\)[ ][ ]*_\([_A-Za-z][_A-Za-z0-9]*\)$/\1 _\2 \2/p' | sed '/ __gnu_lto/d' \> conftest.nm
configure:6638: $? = 0
configure:6704: gcc -o conftest -g -O2   conftest.c conftstm.o >&5
warning: (x86_64)  could not find object file symbol for symbol _main
configure:6707: $? = 0
configure:6745: result: ok
configure:6792: checking for sysroot
configure:6822: result: no
configure:6829: checking for a working dd
configure:6867: result: /bin/dd
configure:6871: checking how to truncate binary pipes
configure:6886: result: /bin/dd bs=4096 count=1
configure:7215: checking for mt
configure:7245: result: no
configure:7265: checking if : is a manifest tool
configure:7271: : '-?'
configure:7279: result: no
configure:7335: checking for dsymutil
configure:7351: found /usr/bin/dsymutil
configure:7362: result: dsymutil
configure:7427: checking for nmedit
configure:7443: found /usr/bin/nmedit
configure:7454: result: nmedit
configure:7519: checking for lipo
configure:7535: found /usr/bin/lipo
configure:7546: result: lipo
configure:7611: checking for otool
configure:7627: found /usr/bin/otool
configure:7638: result: otool
configure:7703: checking for otool64
configure:7733: result: no
configure:7778: checking for -single_module linker flag
gcc -g -O2  -o libconftest.dylib -dynamiclib -Wl,-single_module conftest.c
configure:7811: result: yes
configure:7814: checking for -exported_symbols_list linker flag
configure:7834: gcc -o conftest -g -O2   -Wl,-exported_symbols_list,conftest.sym conftest.c  >&5
configure:7834: $? = 0
configure:7844: result: yes
configure:7847: checking for -force_load linker flag
gcc -g -O2 -c -o conftest.o conftest.c
ar cru libconftest.a conftest.o
ranlib libconftest.a
gcc -g -O2  -o conftest conftest.c -Wl,-force_load,./libconftest.a
configure:7879: result: yes
configure:7954: checking for dlfcn.h
configure:7954: gcc -c -g -O2  conftest.c >&5
configure:7954: $? = 0
configure:7954: result: yes
configure:8211: checking for objdir
configure:8226: result: .libs
configure:8490: checking if gcc supports -fno-rtti -fno-exceptions
configure:8508: gcc -c -g -O2  -fno-rtti -fno-exceptions conftest.c >&5
configure:8512: $? = 0
configure:8525: result: yes
configure:8883: checking for gcc option to produce PIC
configure:8890: result: -fno-common -DPIC
configure:8898: checking if gcc PIC flag -fno-common -DPIC works
configure:8916: gcc -c -g -O2  -fno-common -DPIC -DPIC conftest.c >&5
configure:8920: $? = 0
configure:8933: result: yes
configure:8962: checking if gcc static flag -static works
configure:8990: result: no
configure:9005: checking if gcc supports -c -o file.o
configure:9026: gcc -c -g -O2  -o out/conftest2.o conftest.c >&5
configure:9030: $? = 0
configure:9052: result: yes
configure:9060: checking if gcc supports -c -o file.o
configure:9107: result: yes
configure:9140: checking whether the gcc linker (/Applications/Xcode.app/Contents/Developer/Toolchains/XcodeDefault.xctoolchain/usr/bin/ld) supports shared libraries
configure:10399: result: yes
configure:10639: checking dynamic linker characteristics
configure:11457: result: darwin19.2.0 dyld
configure:11579: checking how to hardcode library paths into programs
configure:11604: result: immediate
configure:12152: checking whether stripping libraries is possible
configure:12166: result: yes
configure:12192: checking if libtool supports shared libraries
configure:12194: result: yes
configure:12197: checking whether to build shared libraries
configure:12222: result: yes
configure:12225: checking whether to build static libraries
configure:12229: result: yes
configure:12278: checking whether make supports nested variables
configure:12295: result: yes
configure:12497: checking for gcc way to treat warnings as errors
configure:12512: gcc -o conftest -g -O2 -Werror   conftest.c  >&5
configure:12512: $? = 0
configure:12557: result: -Werror
configure:12563: checking if gcc supports __attribute__(( visibility("default") ))
configure:12574: gcc -c -g -O2 -Werror  conftest.c >&5
configure:12574: $? = 0
configure:12583: result: yes
configure:12593: checking if gcc supports -fvisibility=hidden
configure:12610: gcc -o conftest -g -O2 -Werror -fvisibility=hidden   conftest.c  >&5
configure:12610: $? = 0
configure:12630: result: yes
configure:12658: checking for doxygen
configure:12686: result: no
configure:12696: checking for dot
configure:12724: result: no
configure:12894: creating ./config.status

## ---------------------- ##
## Running config.status. ##
## ---------------------- ##

This file was extended by rnnoise-nu config.status 1.0, which was
generated by GNU Autoconf 2.69.  Invocation command line was

  CONFIG_FILES    = 
  CONFIG_HEADERS  = 
  CONFIG_LINKS    = 
  CONFIG_COMMANDS = 
  $ ./config.status 

on jihoonucbookpro.lan

config.status:1103: creating Makefile
config.status:1103: creating rnnoise-nu.pc
config.status:1103: creating rnnoise-nu-uninstalled.pc
config.status:1103: creating doc/Doxyfile
config.status:1103: creating config.h
config.status:1332: executing depfiles commands
config.status:1409: cd .       && sed -e '/# am--include-marker/d' Makefile         | make -f - am--depfiles
config.status:1414: $? = 0
config.status:1332: executing libtool commands
configure:15053:
------------------------------------------------------------------------
  rnnoise-nu 1.0: Automatic configuration OK.

    Assertions ................... no

    Hidden visibility ............ yes

    API code examples ............ yes
    API documentation ............ yes
------------------------------------------------------------------------


## ---------------- ##
## Cache variables. ##
## ---------------- ##

ac_cv_build=x86_64-apple-darwin19.2.0
ac_cv_c_compiler_gnu=yes
ac_cv_c_inline=inline
ac_cv_env_CC_set=
ac_cv_env_CC_value=
ac_cv_env_CFLAGS_set=
ac_cv_env_CFLAGS_value=
ac_cv_env_CPPFLAGS_set=
ac_cv_env_CPPFLAGS_value=
ac_cv_env_CPP_set=
ac_cv_env_CPP_value=
ac_cv_env_LDFLAGS_set=
ac_cv_env_LDFLAGS_value=
ac_cv_env_LIBS_set=
ac_cv_env_LIBS_value=
ac_cv_env_LT_SYS_LIBRARY_PATH_set=
ac_cv_env_LT_SYS_LIBRARY_PATH_value=
ac_cv_env_build_alias_set=
ac_cv_env_build_alias_value=
ac_cv_env_host_alias_set=
ac_cv_env_host_alias_value=
ac_cv_env_target_alias_set=
ac_cv_env_target_alias_value=
ac_cv_header_dlfcn_h=yes
ac_cv_header_inttypes_h=yes
ac_cv_header_memory_h=yes
ac_cv_header_minix_config_h=no
ac_cv_header_stdc=yes
ac_cv_header_stdint_h=yes
ac_cv_header_stdlib_h=yes
ac_cv_header_string_h=yes
ac_cv_header_strings_h=yes
ac_cv_header_sys_stat_h=yes
ac_cv_header_sys_types_h=yes
ac_cv_header_unistd_h=yes
ac_cv_host=x86_64-apple-darwin19.2.0
ac_cv_objext=o
ac_cv_path_EGREP='/usr/bin/grep -E'
ac_cv_path_FGREP='/usr/bin/grep -F'
ac_cv_path_GREP=/usr/bin/grep
ac_cv_path_SED=/usr/bin/sed
ac_cv_path_install='/usr/bin/install -c'
ac_cv_path_lt_DD=/bin/dd
ac_cv_prog_AWK=awk
ac_cv_prog_CPP='gcc -E'
ac_cv_prog_HAVE_DOT=no
ac_cv_prog_HAVE_DOXYGEN=no
ac_cv_prog_ac_ct_AR=ar
ac_cv_prog_ac_ct_CC=gcc
ac_cv_prog_ac_ct_DSYMUTIL=dsymutil
ac_cv_prog_ac_ct_LIPO=lipo
ac_cv_prog_ac_ct_NMEDIT=nmedit
ac_cv_prog_ac_ct_OBJDUMP=objdump
ac_cv_prog_ac_ct_OTOOL=otool
ac_cv_prog_ac_ct_RANLIB=ranlib
ac_cv_prog_ac_ct_STRIP=strip
ac_cv_prog_cc_c89=
ac_cv_prog_cc_g=yes
ac_cv_prog_make_make_set=yes
ac_cv_safe_to_define___extensions__=yes
ac_cv_sys_file_offset_bits=no
ac_cv_sys_largefile_CC=no
am_cv_CC_dependencies_compiler_type=gcc3
am_cv_make_support_nested_variables=yes
am_cv_prog_cc_c_o=yes
cc_cv_attribute_visibility_default=yes
cc_cv_cflags__Werror=yes
cc_cv_cflags__fvisibility_hidden=yes
cc_cv_flag_visibility=yes
cc_cv_werror=-Werror
lt_cv_apple_cc_single_mod=yes
lt_cv_ar_at_file=no
lt_cv_deplibs_check_method=pass_all
lt_cv_file_magic_cmd='$MAGIC_CMD'
lt_cv_file_magic_test_file=
lt_cv_ld_exported_symbols_list=yes
lt_cv_ld_force_load=yes
lt_cv_ld_reload_flag=-r
lt_cv_nm_interface='BSD nm'
lt_cv_objdir=.libs
lt_cv_path_LD=/Applications/Xcode.app/Contents/Developer/Toolchains/XcodeDefault.xctoolchain/usr/bin/ld
lt_cv_path_NM='/usr/bin/nm -B'
lt_cv_path_mainfest_tool=no
lt_cv_prog_compiler_c_o=yes
lt_cv_prog_compiler_pic='-fno-common -DPIC'
lt_cv_prog_compiler_pic_works=yes
lt_cv_prog_compiler_rtti_exceptions=yes
lt_cv_prog_compiler_static_works=no
lt_cv_prog_gnu_ld=no
lt_cv_sharedlib_from_linklib_cmd='printf %s\n'
lt_cv_sys_global_symbol_pipe='sed -n -e '\''s/^.*[	 ]\([BCDEGRST][BCDEGRST]*\)[	 ][	 ]*_\([_A-Za-z][_A-Za-z0-9]*\)$/\1 _\2 \2/p'\'' | sed '\''/ __gnu_lto/d'\'''
lt_cv_sys_global_symbol_to_c_name_address='sed -n -e '\''s/^: \(.*\) .*$/  {"\1", (void *) 0},/p'\'' -e '\''s/^[BCDEGRST][BCDEGRST]* .* \(.*\)$/  {"\1", (void *) \&\1},/p'\'''
lt_cv_sys_global_symbol_to_c_name_address_lib_prefix='sed -n -e '\''s/^: \(.*\) .*$/  {"\1", (void *) 0},/p'\'' -e '\''s/^[BCDEGRST][BCDEGRST]* .* \(lib.*\)$/  {"\1", (void *) \&\1},/p'\'' -e '\''s/^[BCDEGRST][BCDEGRST]* .* \(.*\)$/  {"lib\1", (void *) \&\1},/p'\'''
lt_cv_sys_global_symbol_to_cdecl='sed -n -e '\''s/^T .* \(.*\)$/extern int \1();/p'\'' -e '\''s/^[BCDEGRST][BCDEGRST]* .* \(.*\)$/extern char \1;/p'\'''
lt_cv_sys_global_symbol_to_import=
lt_cv_sys_max_cmd_len=196608
lt_cv_to_host_file_cmd=func_convert_file_noop
lt_cv_to_tool_file_cmd=func_convert_file_noop
lt_cv_truncate_bin='/bin/dd bs=4096 count=1'

## ----------------- ##
## Output variables. ##
## ----------------- ##

ACLOCAL='${SHELL} /Users/jihoon/Desktop/rnnoise-nu/scripts/missing aclocal-1.16'
AMDEPBACKSLASH='\'
AMDEP_FALSE='#'
AMDEP_TRUE=''
AMTAR='$${TAR-tar}'
AM_BACKSLASH='\'
AM_DEFAULT_V='$(AM_DEFAULT_VERBOSITY)'
AM_DEFAULT_VERBOSITY='0'
AM_V='$(V)'
AR='ar'
AUTOCONF='${SHELL} /Users/jihoon/Desktop/rnnoise-nu/scripts/missing autoconf'
AUTOHEADER='${SHELL} /Users/jihoon/Desktop/rnnoise-nu/scripts/missing autoheader'
AUTOMAKE='${SHELL} /Users/jihoon/Desktop/rnnoise-nu/scripts/missing automake-1.16'
AWK='awk'
CC='gcc'
CCDEPMODE='depmode=gcc3'
CFLAGS='-g -O2 -fvisibility=hidden'
CPP='gcc -E'
CPPFLAGS=''
CYGPATH_W='echo'
DEFS='-DHAVE_CONFIG_H'
DEPDIR='.deps'
DLLTOOL='false'
DSYMUTIL='dsymutil'
DUMPBIN=''
ECHO_C='\c'
ECHO_N=''
ECHO_T=''
EGREP='/usr/bin/grep -E'
EXEEXT=''
FGREP='/usr/bin/grep -F'
GREP='/usr/bin/grep'
HAVE_DOT='no'
HAVE_DOXYGEN='no'
HAVE_DOXYGEN_FALSE=''
HAVE_DOXYGEN_TRUE='#'
INSTALL_DATA='${INSTALL} -m 644'
INSTALL_PROGRAM='${INSTALL}'
INSTALL_SCRIPT='${INSTALL}'
INSTALL_STRIP_PROGRAM='$(install_sh) -c -s'
LD='/Applications/Xcode.app/Contents/Developer/Toolchains/XcodeDefault.xctoolchain/usr/bin/ld'
LDFLAGS=''
LIBM=''
LIBOBJS=''
LIBS=''
LIBTOOL='$(SHELL) $(top_builddir)/libtool'
LIPO='lipo'
LN_S='ln -s'
LTLIBOBJS=''
LT_SYS_LIBRARY_PATH=''
MAINT=''
MAINTAINER_MODE_FALSE='#'
MAINTAINER_MODE_TRUE=''
MAKEINFO='${SHELL} /Users/jihoon/Desktop/rnnoise-nu/scripts/missing makeinfo'
MANIFEST_TOOL=':'
MKDIR_P='scripts/install-sh -c -d'
NM='/usr/bin/nm -B'
NMEDIT='nmedit'
OBJDUMP='objdump'
OBJEXT='o'
OP_ENABLE_EXAMPLES_FALSE='#'
OP_ENABLE_EXAMPLES_TRUE=''
OP_LT_AGE='0'
OP_LT_CURRENT='1'
OP_LT_REVISION='0'
OTOOL64=':'
OTOOL='otool'
PACKAGE='rnnoise-nu'
PACKAGE_BUGREPORT='gregor.richards@uwaterloo.ca'
PACKAGE_NAME='rnnoise-nu'
PACKAGE_STRING='rnnoise-nu 1.0'
PACKAGE_TARNAME='rnnoise-nu'
PACKAGE_URL=''
PACKAGE_VERSION='1.0'
PATH_SEPARATOR=':'
RANLIB='ranlib'
SED='/usr/bin/sed'
SET_MAKE=''
SHELL='/bin/sh'
STRIP='strip'
VERSION='1.0'
ac_ct_AR='ar'
ac_ct_CC='gcc'
ac_ct_DUMPBIN=''
am__EXEEXT_FALSE=''
am__EXEEXT_TRUE='#'
am__fastdepCC_FALSE='#'
am__fastdepCC_TRUE=''
am__include='include'
am__isrc=''
am__leading_dot='.'
am__nodep='_no'
am__quote=''
am__tar='$${TAR-tar} chof - "$$tardir"'
am__untar='$${TAR-tar} xf -'
bindir='${exec_prefix}/bin'
build='x86_64-apple-darwin19.2.0'
build_alias=''
build_cpu='x86_64'
build_os='darwin19.2.0'
build_vendor='apple'
datadir='${datarootdir}'
datarootdir='${prefix}/share'
docdir='${datarootdir}/doc/${PACKAGE_TARNAME}'
dvidir='${docdir}'
exec_prefix='${prefix}'
host='x86_64-apple-darwin19.2.0'
host_alias=''
host_cpu='x86_64'
host_os='darwin19.2.0'
host_vendor='apple'
htmldir='${docdir}'
includedir='${prefix}/include'
infodir='${datarootdir}/info'
install_sh='${SHELL} /Users/jihoon/Desktop/rnnoise-nu/scripts/install-sh'
libdir='${exec_prefix}/lib'
libexecdir='${exec_prefix}/libexec'
localedir='${datarootdir}/locale'
localstatedir='${prefix}/var'
lrintf_lib=''
mandir='${datarootdir}/man'
mkdir_p='$(MKDIR_P)'
oldincludedir='/usr/include'
pdfdir='${docdir}'
prefix='/usr/local'
program_transform_name='s,x,x,'
psdir='${docdir}'
sbindir='${exec_prefix}/sbin'
sharedstatedir='${prefix}/com'
sysconfdir='${prefix}/etc'
target_alias=''

## ----------- ##
## confdefs.h. ##
## ----------- ##

/* confdefs.h */
#define PACKAGE_NAME "rnnoise-nu"
#define PACKAGE_TARNAME "rnnoise-nu"
#define PACKAGE_VERSION "1.0"
#define PACKAGE_STRING "rnnoise-nu 1.0"
#define PACKAGE_BUGREPORT "gregor.richards@uwaterloo.ca"
#define PACKAGE_URL ""
#define STDC_HEADERS 1
#define HAVE_SYS_TYPES_H 1
#define HAVE_SYS_STAT_H 1
#define HAVE_STDLIB_H 1
#define HAVE_STRING_H 1
#define HAVE_MEMORY_H 1
#define HAVE_STRINGS_H 1
#define HAVE_INTTYPES_H 1
#define HAVE_STDINT_H 1
#define HAVE_UNISTD_H 1
#define __EXTENSIONS__ 1
#define _ALL_SOURCE 1
#define _GNU_SOURCE 1
#define _POSIX_PTHREAD_SEMANTICS 1
#define _TANDEM_SOURCE 1
#define HAVE_DLFCN_H 1
#define LT_OBJDIR ".libs/"
#define RNNOISE_BUILD /**/
#define SUPPORT_ATTRIBUTE_VISIBILITY_DEFAULT 1
#define SUPPORT_FLAG_VISIBILITY 1

configure: exit 0
